<?xml version="1.0" encoding="UTF-8"?>
<!-- Generated by org.testng.reporters.JUnitXMLReporter -->
<testsuite ignored="0" hostname="LAPTOP-E5794JHA" failures="0" tests="2" name="Register Tests" time="26.57" errors="0" timestamp="2025-06-15T17:22:55 GMT+07:00">
  <testcase classname="io.cucumber.testng.AbstractTestNGCucumberTests" name="runScenario" time="21.167"/>
  <testcase classname="io.cucumber.testng.AbstractTestNGCucumberTests" name="runScenario" time="5.283"/>
</testsuite> <!-- Register Tests -->
