<?xml version="1.0" encoding="UTF-8"?>
<testsuite xmlns:xsi="http://www.w3.org/2001/XMLSchema-instance" xsi:noNamespaceSchemaLocation="https://maven.apache.org/surefire/maven-surefire-plugin/xsd/surefire-test-report.xsd" version="3.0.2" name="TestSuite" time="28.905" tests="2" errors="0" skipped="0" failures="0">
  <properties>
[...]
</properties>
  <testcase name="runScenario[&quot;Successful register with valid information&quot;, &quot;Register Functionality&quot;](1)" classname="runners.RegisterRunner" time="21.167">
    <system-out><![CDATA[
@register
Scenario: Successful register with valid information                                       # src/test/resources/features/register.feature:7
WebDriverRunner.hasWebDriverStarted(): false
  Given I am on the register page                                                          # stepdefs.register.RegisterStepDefs.iAmOnTheRegisterPage()
  And I enter first name "John"                                                            # stepdefs.register.RegisterStepDefs.iEnterFirstName(java.lang.String)
  And I enter last name "Doe"                                                              # stepdefs.register.RegisterStepDefs.iEnterLastName(java.lang.String)
  And I enter non-existing email                                                           # stepdefs.register.RegisterStepDefs.iEnterExistingEmail()
  And I enter password "P@ssw0rd123"                                                       # stepdefs.register.RegisterStepDefs.iEnterPassword(java.lang.String)
  And I confirm password "P@ssw0rd123"                                                     # stepdefs.register.RegisterStepDefs.iConfirmPassword(java.lang.String)
  And I click on Create an Account button                                                  # stepdefs.register.RegisterStepDefs.iClickOnCreateAnAccountButton()
  Then I should see a success message 'Thank you for registering with Main Website Store.' # stepdefs.register.RegisterStepDefs.iShouldSeeASuccessMessage()
  And I should be redirected to the login page                                             # stepdefs.register.RegisterStepDefs.iShouldBeRedirectedToTheLoginPage()
]]></system-out>
    <system-err><![CDATA[SLF4J(W): No SLF4J providers were found.
SLF4J(W): Defaulting to no-operation (NOP) logger implementation
SLF4J(W): See https://www.slf4j.org/codes.html#noProviders for further details.
]]></system-err>
  </testcase>
  <testcase name="runScenario[&quot;Failed register with existing email&quot;, &quot;Register Functionality&quot;](2)" classname="runners.RegisterRunner" time="5.275">
    <system-out><![CDATA[
@register @test
Scenario: Failed register with existing email                                                                                                                                                       # src/test/resources/features/register.feature:19
WebDriverRunner.hasWebDriverStarted(): true
  Given I am on the register page                                                                                                                                                                   # stepdefs.register.RegisterStepDefs.iAmOnTheRegisterPage()
  When I enter first name "Thu"                                                                                                                                                                     # stepdefs.register.RegisterStepDefs.iEnterFirstName(java.lang.String)
  And I enter last name "Bui"                                                                                                                                                                       # stepdefs.register.RegisterStepDefs.iEnterLastName(java.lang.String)
  And I enter email "test_thu_3@example.com"                                                                                                                                                        # stepdefs.register.RegisterStepDefs.iEnterEmail(java.lang.String)
  And I enter password "P@ssw0rd123"                                                                                                                                                                # stepdefs.register.RegisterStepDefs.iEnterPassword(java.lang.String)
  And I confirm password "P@ssw0rd123"                                                                                                                                                              # stepdefs.register.RegisterStepDefs.iConfirmPassword(java.lang.String)
  And I click on Create an Account button                                                                                                                                                           # stepdefs.register.RegisterStepDefs.iClickOnCreateAnAccountButton()
  Then I should see an error message 'There is already an account with this email address. If you are sure that it is your email address, click here to get your password and access your account.' # stepdefs.register.RegisterStepDefs.iShouldSeeAnErrorMessage()
]]></system-out>
  </testcase>
</testsuite>