<?xml version="1.0" encoding="UTF-8"?>
<testng-results ignored="0" total="2" passed="2" failed="0" skipped="0">
  <reporter-output>
  </reporter-output>
  <suite started-at="2025-06-15T17:22:27 GMT+07:00" name="Cucumber Test Suite" finished-at="2025-06-15T17:22:55 GMT+07:00" duration-ms="28473">
    <groups>
      <group name="cucumber">
        <method signature="AbstractTestNGCucumberTests.runScenario(io.cucumber.testng.PickleWrapper,io.cucumber.testng.FeatureWrapper)[pri:0, instance:runners.LoginRunner@1ea9f6af]" name="runScenario" class="io.cucumber.testng.AbstractTestNGCucumberTests"/>
        <method signature="AbstractTestNGCucumberTests.runScenario(io.cucumber.testng.PickleWrapper,io.cucumber.testng.FeatureWrapper)[pri:0, instance:runners.RegisterRunner@4f6ee6e4]" name="runScenario" class="io.cucumber.testng.AbstractTestNGCucumberTests"/>
      </group> <!-- cucumber -->
    </groups>
    <test started-at="2025-06-15T17:22:27 GMT+07:00" name="Login Tests" finished-at="2025-06-15T17:22:28 GMT+07:00" duration-ms="1879">
      <class name="runners.LoginRunner">
        <test-method is-config="true" signature="setUpClass(org.testng.ITestContext)[pri:0, instance:runners.LoginRunner@1ea9f6af]" started-at="2025-06-15T17:22:27 GMT+07:00" name="setUpClass" finished-at="2025-06-15T17:22:28 GMT+07:00" duration-ms="993" status="PASS">
          <params>
            <param index="0">
              <value>
                <![CDATA[org.testng.TestRunner@739265f1]]>
              </value>
            </param>
          </params>
          <reporter-output>
          </reporter-output>
        </test-method> <!-- setUpClass -->
        <test-method is-config="true" signature="tearDownClass()[pri:0, instance:runners.LoginRunner@1ea9f6af]" started-at="2025-06-15T17:22:28 GMT+07:00" name="tearDownClass" finished-at="2025-06-15T17:22:28 GMT+07:00" duration-ms="856" status="PASS">
          <reporter-output>
          </reporter-output>
        </test-method> <!-- tearDownClass -->
      </class> <!-- runners.LoginRunner -->
    </test> <!-- Login Tests -->
    <test started-at="2025-06-15T17:22:28 GMT+07:00" name="Register Tests" finished-at="2025-06-15T17:22:55 GMT+07:00" duration-ms="26570">
      <class name="runners.RegisterRunner">
        <test-method is-config="true" signature="setUpClass(org.testng.ITestContext)[pri:0, instance:runners.RegisterRunner@4f6ee6e4]" started-at="2025-06-15T17:22:28 GMT+07:00" name="setUpClass" finished-at="2025-06-15T17:22:28 GMT+07:00" duration-ms="23" status="PASS">
          <params>
            <param index="0">
              <value>
                <![CDATA[org.testng.TestRunner@58eac00e]]>
              </value>
            </param>
          </params>
          <reporter-output>
          </reporter-output>
        </test-method> <!-- setUpClass -->
        <test-method signature="runScenario(io.cucumber.testng.PickleWrapper,io.cucumber.testng.FeatureWrapper)[pri:0, instance:runners.RegisterRunner@4f6ee6e4]" started-at="2025-06-15T17:22:28 GMT+07:00" name="runScenario" description="Runs Cucumber Scenarios" data-provider="scenarios" finished-at="2025-06-15T17:22:50 GMT+07:00" duration-ms="21167" status="PASS">
          <params>
            <param index="0">
              <value>
                <![CDATA["Successful register with valid information"]]>
              </value>
            </param>
            <param index="1">
              <value>
                <![CDATA["Register Functionality"]]>
              </value>
            </param>
          </params>
          <reporter-output>
          </reporter-output>
        </test-method> <!-- runScenario -->
        <test-method signature="runScenario(io.cucumber.testng.PickleWrapper,io.cucumber.testng.FeatureWrapper)[pri:0, instance:runners.RegisterRunner@4f6ee6e4]" started-at="2025-06-15T17:22:50 GMT+07:00" name="runScenario" description="Runs Cucumber Scenarios" data-provider="scenarios" finished-at="2025-06-15T17:22:55 GMT+07:00" duration-ms="5283" status="PASS">
          <params>
            <param index="0">
              <value>
                <![CDATA["Failed register with existing email"]]>
              </value>
            </param>
            <param index="1">
              <value>
                <![CDATA["Register Functionality"]]>
              </value>
            </param>
          </params>
          <reporter-output>
          </reporter-output>
        </test-method> <!-- runScenario -->
        <test-method is-config="true" signature="tearDownClass()[pri:0, instance:runners.RegisterRunner@4f6ee6e4]" started-at="2025-06-15T17:22:55 GMT+07:00" name="tearDownClass" finished-at="2025-06-15T17:22:55 GMT+07:00" duration-ms="85" status="PASS">
          <reporter-output>
          </reporter-output>
        </test-method> <!-- tearDownClass -->
      </class> <!-- runners.RegisterRunner -->
    </test> <!-- Register Tests -->
  </suite> <!-- Cucumber Test Suite -->
</testng-results>
